<?xml version="1.0" encoding="UTF-8"?>
<beans xmlns="http://www.springframework.org/schema/beans"
	xmlns:xsi="http://www.w3.org/2001/XMLSchema-instance" xmlns:batch="http://www.springframework.org/schema/batch"
	xmlns:context="http://www.springframework.org/schema/context"
	xsi:schemaLocation="http://www.springframework.org/schema/beans http://www.springframework.org/schema/beans/spring-beans.xsd http://www.springframework.org/schema/batch http://www.springframework.org/schema/batch/spring-batch.xsd http://www.springframework.org/schema/context http://www.springframework.org/schema/context/spring-context-2.5.xsd">


	<import resource="launch-context.xml" />

	<context:annotation-config />
	<context:component-scan base-package="com.mark.rnd.springbatch"></context:component-scan>


	<batch:job id="testJob">
		<batch:step id="multiThreadedStep" >
			<batch:tasklet task-executor="taskExecutor" throttle-limit="10">
				<batch:chunk  reader="myItemStreamReader" processor="rateProcessor"
					writer="rateItemWriter" commit-interval="5" />
			</batch:tasklet>
		</batch:step>
	</batch:job>

	<bean id="rateItemWriter" class="org.springframework.batch.item.file.FlatFileItemWriter">
		<property name="resource" value="file:target/outputs/ratepassthrough.txt" />
		<property name="lineAggregator">
			<bean
				class="org.springframework.batch.item.file.transform.PassThroughLineAggregator" />
		</property>
	</bean>

<bean id="taskExecutor" class="org.springframework.core.task.SimpleAsyncTaskExecutor" />
</beans>